<?xml version="1.0" encoding="UTF-8"?>
<!-- Generated by org.testng.reporters.JUnitReportReporter -->
<testsuite skipped="0" hostname="QTLSYS2-155" name="TestCases.TestCase" tests="1" failures="0" timestamp="07 Jan 2020 10:40:55 GMT" time="25.494" errors="0">
  <testcase name="RegistrationTest" time="25.494" classname="TestCases.TestCase"/>
</testsuite> <!-- TestCases.TestCase -->
